<results>
  <testsuite name="WasmTest" tests="3" skipped="1" failures="2" errors="0" timestamp="..." hostname="..." time="...">
    <properties />
    <testcase name="test1[wasmJs, node]" classname="WasmTest" time="...">
      <failure message="..." type="AssertionError">...</failure>
    </testcase>
    <testcase name="test2[wasmJs, node]" classname="WasmTest" time="...">
      <skipped />
    </testcase>
    <testcase name="test3[wasmJs, node]" classname="WasmTest" time="...">
      <failure message="..." type="AssertionError">...</failure>
    </testcase>
    <system-out />
    <system-err />
  </testsuite>
  <testsuite name="WasmTest.InnerIgnored" tests="3" skipped="3" failures="0" errors="0" timestamp="..." hostname="..." time="...">
    <properties />
    <testcase name="test4[wasmJs, node]" classname="WasmTest.InnerIgnored" time="...">
      <skipped />
    </testcase>
    <testcase name="test5[wasmJs, node]" classname="WasmTest.InnerIgnored" time="...">
      <skipped />
    </testcase>
    <testcase name="test6[wasmJs, node]" classname="WasmTest.InnerIgnored" time="...">
      <skipped />
    </testcase>
    <system-out />
    <system-err />
  </testsuite>
</results>

